<?xml version="1.0" encoding="UTF-8"?>
<!-- Generated by org.testng.reporters.JUnitXMLReporter -->
<testsuite hostname="DESKTOP-5OSSNT7" ignored="0" name="My Test" tests="4" failures="0" timestamp="2022-10-20T00:45:49 IST" time="48.62" errors="0">
  <testcase name="passwordNameValidation" time="3.018" classname="testcases.ManageDeliveryBoyPage"/>
  <testcase name="passwordToolTipValidation" time="5.37" classname="testcases.ManageDeliveryBoyPage"/>
  <testcase name="searchnameVallidation" time="2.801" classname="testcases.ManageDeliveryBoyPage"/>
  <testcase name="verifyingResetButtonColor" time="1.878" classname="testcases.ManageDeliveryBoyPage"/>
</testsuite> <!-- My Test -->
