<?xml version="1.0" encoding="UTF-8"?>
<!-- Generated by org.testng.reporters.JUnitXMLReporter -->
<testsuite hostname="DESKTOP-5OSSNT7" ignored="0" name="ChromeTest" tests="4" failures="0" timestamp="2022-11-13T19:28:29 GMT-09:00" time="38.175" errors="0">
  <testcase name="directverifyLoggedUsers" time="1.548" classname="testcases.LoginTestCase"/>
  <testcase name="verifyCheckBox" time="0.047" classname="testcases.LoginTestCase"/>
  <testcase name="verifyLoggedUsers" time="2.632" classname="testcases.LoginTestCase"/>
  <testcase name="verifyLoggedUsers" time="2.157" classname="testcases.LoginTestCase"/>
</testsuite> <!-- ChromeTest -->
