<?xml version="1.0" encoding="UTF-8"?>
<!-- Generated by org.testng.reporters.JUnitXMLReporter -->
<testsuite hostname="DESKTOP-5OSSNT7" ignored="0" name="EdgeTest" tests="2" failures="0" timestamp="2022-11-02T12:54:19 IST" time="0.061" errors="0">
  <testcase name="@BeforeMethod beforemethod" time="0.002" classname="testcases.BaseClass">
    <failure type="java.lang.NullPointerException">
      <![CDATA[java.lang.NullPointerException
at testcases.BaseClass.beforemethod(BaseClass.java:54)
at java.util.ArrayList.forEach(ArrayList.java:1257)
... Removed 31 stack frames]]>
    </failure>
  </testcase> <!-- @BeforeMethod beforemethod -->
  <testcase name="@AfterMethod aftermethod" time="-1.667373858994E9" classname="testcases.BaseClass">
    <skipped/>
  </testcase> <!-- @AfterMethod aftermethod -->
  <testcase name="@BeforeMethod beforemethod" time="0.0" classname="testcases.BaseClass">
    <failure type="java.lang.NullPointerException">
      <![CDATA[java.lang.NullPointerException
at testcases.BaseClass.beforemethod(BaseClass.java:54)
at java.util.ArrayList.forEach(ArrayList.java:1257)
... Removed 31 stack frames]]>
    </failure>
  </testcase> <!-- @BeforeMethod beforemethod -->
  <testcase name="@AfterMethod aftermethod" time="-1.667373859017E9" classname="testcases.BaseClass">
    <skipped/>
  </testcase> <!-- @AfterMethod aftermethod -->
  <testcase name="colorverification" time="0.0" classname="testcases.DashBoardTestCases">
    <skipped/>
  </testcase> <!-- colorverification -->
  <testcase name="profNameVerrification" time="0.0" classname="testcases.DashBoardTestCases">
    <skipped/>
  </testcase> <!-- profNameVerrification -->
</testsuite> <!-- EdgeTest -->
