<?xml version="1.0" encoding="UTF-8"?>
<!-- Generated by org.testng.reporters.JUnitXMLReporter -->
<testsuite hostname="DESKTOP-5OSSNT7" ignored="0" name="EdgeTest" tests="4" failures="0" timestamp="2022-11-13T19:28:29 GMT-09:00" time="0.217" errors="0">
  <testcase name="@BeforeMethod beforemethod" time="0.0" classname="testcases.BaseClass">
    <failure type="java.lang.NullPointerException">
      <![CDATA[java.lang.NullPointerException
at testcases.BaseClass.beforemethod(BaseClass.java:55)
at java.util.ArrayList.forEach(ArrayList.java:1257)
... Removed 31 stack frames]]>
    </failure>
  </testcase> <!-- @BeforeMethod beforemethod -->
  <testcase name="@AfterMethod aftermethod" time="-1.668400109477E9" classname="testcases.BaseClass">
    <skipped/>
  </testcase> <!-- @AfterMethod aftermethod -->
  <testcase name="@BeforeMethod beforemethod" time="0.001" classname="testcases.BaseClass">
    <failure type="java.lang.NullPointerException">
      <![CDATA[java.lang.NullPointerException
at testcases.BaseClass.beforemethod(BaseClass.java:55)
at java.util.ArrayList.forEach(ArrayList.java:1257)
... Removed 31 stack frames]]>
    </failure>
  </testcase> <!-- @BeforeMethod beforemethod -->
  <testcase name="@AfterMethod aftermethod" time="-1.668400109543E9" classname="testcases.BaseClass">
    <skipped/>
  </testcase> <!-- @AfterMethod aftermethod -->
  <testcase name="@BeforeMethod beforemethod" time="0.0" classname="testcases.BaseClass">
    <failure type="java.lang.NullPointerException">
      <![CDATA[java.lang.NullPointerException
at testcases.BaseClass.beforemethod(BaseClass.java:55)
at java.util.ArrayList.forEach(ArrayList.java:1257)
... Removed 31 stack frames]]>
    </failure>
  </testcase> <!-- @BeforeMethod beforemethod -->
  <testcase name="@AfterMethod aftermethod" time="-1.668400109584E9" classname="testcases.BaseClass">
    <skipped/>
  </testcase> <!-- @AfterMethod aftermethod -->
  <testcase name="@BeforeMethod beforemethod" time="0.001" classname="testcases.BaseClass">
    <failure type="java.lang.NullPointerException">
      <![CDATA[java.lang.NullPointerException
at testcases.BaseClass.beforemethod(BaseClass.java:55)
at java.util.ArrayList.forEach(ArrayList.java:1257)
... Removed 31 stack frames]]>
    </failure>
  </testcase> <!-- @BeforeMethod beforemethod -->
  <testcase name="@AfterMethod aftermethod" time="-1.668400109648E9" classname="testcases.BaseClass">
    <skipped/>
  </testcase> <!-- @AfterMethod aftermethod -->
  <testcase name="directverifyLoggedUsers" time="0.0" classname="testcases.LoginTestCase">
    <skipped/>
  </testcase> <!-- directverifyLoggedUsers -->
  <testcase name="verifyCheckBox" time="0.0" classname="testcases.LoginTestCase">
    <skipped/>
  </testcase> <!-- verifyCheckBox -->
  <testcase name="verifyLoggedUsers" time="0.0" classname="testcases.LoginTestCase">
    <skipped/>
  </testcase> <!-- verifyLoggedUsers -->
  <testcase name="verifyLoggedUsers" time="0.0" classname="testcases.LoginTestCase">
    <skipped/>
  </testcase> <!-- verifyLoggedUsers -->
</testsuite> <!-- EdgeTest -->
