<?xml version="1.0" encoding="UTF-8"?>
<testng-results skipped="0" failed="0" ignored="3" total="4" passed="1">
  <reporter-output>
  </reporter-output>
  <suite name="My Testsuite" duration-ms="13454" started-at="2022-11-02T01:37:38 IST" finished-at="2022-11-02T01:37:52 IST">
    <groups>
      <group name="SmokeTest">
        <method signature="ManageordersPage.listcompare()[pri:0, instance:testcases.ManageordersPage@462d5aee]" name="listcompare" class="testcases.ManageordersPage"/>
      </group> <!-- SmokeTest -->
    </groups>
    <test name="ChromeTest" duration-ms="13454" started-at="2022-11-02T01:37:38 IST" finished-at="2022-11-02T01:37:52 IST">
      <class name="testcases.ManageordersPage">
        <test-method status="PASS" signature="beforemethod(java.lang.String)[pri:0, instance:testcases.ManageordersPage@462d5aee]" name="beforemethod" is-config="true" duration-ms="9562" started-at="2022-11-02T01:37:38 IST" finished-at="2022-11-02T01:37:48 IST">
          <params>
            <param index="0">
              <value>
                <![CDATA[chrome]]>
              </value>
            </param>
          </params>
          <reporter-output>
          </reporter-output>
        </test-method> <!-- beforemethod -->
        <test-method status="PASS" signature="listcompare()[pri:0, instance:testcases.ManageordersPage@462d5aee]" name="listcompare" duration-ms="3236" started-at="2022-11-02T01:37:48 IST" finished-at="2022-11-02T01:37:51 IST">
          <reporter-output>
          </reporter-output>
        </test-method> <!-- listcompare -->
        <test-method status="PASS" signature="aftermethod(org.testng.ITestResult)[pri:0, instance:testcases.ManageordersPage@462d5aee]" name="aftermethod" is-config="true" duration-ms="590" started-at="2022-11-02T01:37:51 IST" finished-at="2022-11-02T01:37:52 IST">
          <params>
            <param index="0">
              <value>
                <![CDATA[[TestResult name=listcompare status=SUCCESS method=ManageordersPage.listcompare()[pri:0, instance:testcases.ManageordersPage@462d5aee] output={null}]]]>
              </value>
            </param>
          </params>
          <reporter-output>
          </reporter-output>
        </test-method> <!-- aftermethod -->
      </class> <!-- testcases.ManageordersPage -->
    </test> <!-- ChromeTest -->
  </suite> <!-- My Testsuite -->
</testng-results>
