<?xml version="1.0" encoding="UTF-8"?>
<testng-results skipped="0" failed="0" ignored="3" total="4" passed="1">
  <reporter-output>
  </reporter-output>
  <suite name="My Testsuite" duration-ms="21933" started-at="2022-11-13T03:12:54 GMT-09:00" finished-at="2022-11-13T03:13:16 GMT-09:00">
    <groups>
    </groups>
    <test name="ChromeTest" duration-ms="21933" started-at="2022-11-13T03:12:54 GMT-09:00" finished-at="2022-11-13T03:13:16 GMT-09:00">
      <class name="testcases.ManageExpensePage">
        <test-method status="PASS" signature="beforemethod(java.lang.String)[pri:0, instance:testcases.ManageExpensePage@491cc5c9]" name="beforemethod" is-config="true" duration-ms="10570" started-at="2022-11-13T03:12:54 GMT-09:00" finished-at="2022-11-13T03:13:05 GMT-09:00">
          <params>
            <param index="0">
              <value>
                <![CDATA[chrome]]>
              </value>
            </param>
          </params>
          <reporter-output>
          </reporter-output>
        </test-method> <!-- beforemethod -->
        <test-method status="PASS" signature="imageuputilities()[pri:0, instance:testcases.ManageExpensePage@491cc5c9]" name="imageuputilities" duration-ms="10833" started-at="2022-11-13T03:13:05 GMT-09:00" finished-at="2022-11-13T03:13:16 GMT-09:00">
          <reporter-output>
          </reporter-output>
        </test-method> <!-- imageuputilities -->
        <test-method status="PASS" signature="aftermethod(org.testng.ITestResult)[pri:0, instance:testcases.ManageExpensePage@491cc5c9]" name="aftermethod" is-config="true" duration-ms="455" started-at="2022-11-13T03:13:16 GMT-09:00" finished-at="2022-11-13T03:13:16 GMT-09:00">
          <params>
            <param index="0">
              <value>
                <![CDATA[[TestResult name=imageuputilities status=SUCCESS method=ManageExpensePage.imageuputilities()[pri:0, instance:testcases.ManageExpensePage@491cc5c9] output={null}]]]>
              </value>
            </param>
          </params>
          <reporter-output>
          </reporter-output>
        </test-method> <!-- aftermethod -->
      </class> <!-- testcases.ManageExpensePage -->
    </test> <!-- ChromeTest -->
  </suite> <!-- My Testsuite -->
</testng-results>
