<?xml version="1.0" encoding="UTF-8"?>
<!-- Generated by org.testng.reporters.JUnitXMLReporter -->
<testsuite hostname="DESKTOP-5OSSNT7" ignored="0" name="EdgeTest" tests="4" failures="0" timestamp="2022-10-27T07:20:10 IST" time="0.199" errors="0">
  <testcase name="@BeforeMethod beforemethod" time="0.001" classname="testcases.BaseClass">
    <failure type="java.lang.NullPointerException">
      <![CDATA[java.lang.NullPointerException
at testcases.BaseClass.beforemethod(BaseClass.java:52)
at java.util.ArrayList.forEach(ArrayList.java:1257)
... Removed 31 stack frames]]>
    </failure>
  </testcase> <!-- @BeforeMethod beforemethod -->
  <testcase name="@AfterMethod aftermethod" time="-1.666835410265E9" classname="testcases.BaseClass">
    <skipped/>
  </testcase> <!-- @AfterMethod aftermethod -->
  <testcase name="@BeforeMethod beforemethod" time="0.001" classname="testcases.BaseClass">
    <failure type="java.lang.NullPointerException">
      <![CDATA[java.lang.NullPointerException
at testcases.BaseClass.beforemethod(BaseClass.java:52)
at java.util.ArrayList.forEach(ArrayList.java:1257)
... Removed 31 stack frames]]>
    </failure>
  </testcase> <!-- @BeforeMethod beforemethod -->
  <testcase name="@AfterMethod aftermethod" time="-1.666835410297E9" classname="testcases.BaseClass">
    <skipped/>
  </testcase> <!-- @AfterMethod aftermethod -->
  <testcase name="@BeforeMethod beforemethod" time="0.0" classname="testcases.BaseClass">
    <failure type="java.lang.NullPointerException">
      <![CDATA[java.lang.NullPointerException
at testcases.BaseClass.beforemethod(BaseClass.java:52)
at java.util.ArrayList.forEach(ArrayList.java:1257)
... Removed 31 stack frames]]>
    </failure>
  </testcase> <!-- @BeforeMethod beforemethod -->
  <testcase name="@AfterMethod aftermethod" time="-1.666835410353E9" classname="testcases.BaseClass">
    <skipped/>
  </testcase> <!-- @AfterMethod aftermethod -->
  <testcase name="@BeforeMethod beforemethod" time="0.001" classname="testcases.BaseClass">
    <failure type="java.lang.NullPointerException">
      <![CDATA[java.lang.NullPointerException
at testcases.BaseClass.beforemethod(BaseClass.java:52)
at java.util.ArrayList.forEach(ArrayList.java:1257)
... Removed 31 stack frames]]>
    </failure>
  </testcase> <!-- @BeforeMethod beforemethod -->
  <testcase name="@AfterMethod aftermethod" time="-1.666835410385E9" classname="testcases.BaseClass">
    <skipped/>
  </testcase> <!-- @AfterMethod aftermethod -->
  <testcase name="passwordNameValidation" time="0.0" classname="testcases.ManageDeliveryBoyPage">
    <skipped/>
  </testcase> <!-- passwordNameValidation -->
  <testcase name="passwordToolTipValidation" time="0.0" classname="testcases.ManageDeliveryBoyPage">
    <skipped/>
  </testcase> <!-- passwordToolTipValidation -->
  <testcase name="searchnameVallidation" time="0.0" classname="testcases.ManageDeliveryBoyPage">
    <skipped/>
  </testcase> <!-- searchnameVallidation -->
  <testcase name="verifyingResetButtonColor" time="0.0" classname="testcases.ManageDeliveryBoyPage">
    <skipped/>
  </testcase> <!-- verifyingResetButtonColor -->
</testsuite> <!-- EdgeTest -->
